<?xml version="1.0" encoding="UTF-8"?>
<!-- Generated by org.testng.reporters.JUnitXMLReporter -->
<testsuite hostname="DESKTOP-A9DN365" ignored="3" name="Test" tests="1" failures="1" timestamp="10 Aug 2021 02:34:24 GMT" time="6.689" errors="0">
  <testcase name="ValidatingAlerts" time="6.585" classname="testNg.TestNgClass2">
    <failure type="java.lang.AssertionError" message="The following asserts failed:
	expected [Do confirm action?] but found [Do you confirm action?]">
      <![CDATA[java.lang.AssertionError: The following asserts failed:
expected [Do confirm action?] but found [Do you confirm action?]
at testNg.TestNgClass2.ValidatingAlerts(TestNgClass2.java:92)
... Removed 26 stack frames]]>
    </failure>
  </testcase> <!-- ValidatingAlerts -->
  <testcase name="ValidateGMO_OnLineLoadedSuccessfully" time="0.0" classname="testNg.TestNgClass2">
    <ignored/>
  </testcase> <!-- ValidateGMO_OnLineLoadedSuccessfully -->
  <testcase name="ValidateOrderSunGlasses" time="0.0" classname="testNg.TestNgClass2">
    <ignored/>
  </testcase> <!-- ValidateOrderSunGlasses -->
  <testcase name="ValidateEnterGMO_OnLineSuccessfully" time="0.0" classname="testNg.TestNgClass2">
    <ignored/>
  </testcase> <!-- ValidateEnterGMO_OnLineSuccessfully -->
</testsuite> <!-- Test -->
